{"C:\\Users\\Brodie\\Documents\\futureproof\\pair project\\devBranch\\pairProjectOne\\server\\server.js": {"path":"C:\\Users\\Brodie\\Documents\\futureproof\\pair project\\devBranch\\pairProjectOne\\server\\server.js","statementMap":{"0":{"start":{"line":1,"column":16},"end":{"line":1,"column":34}},"1":{"start":{"line":2,"column":13},"end":{"line":2,"column":28}},"2":{"start":{"line":3,"column":17},"end":{"line":3,"column":42}},"3":{"start":{"line":4,"column":19},"end":{"line":4,"column":54}},"4":{"start":{"line":7,"column":12},"end":{"line":7,"column":21}},"5":{"start":{"line":8,"column":0},"end":{"line":8,"column":15}},"6":{"start":{"line":9,"column":0},"end":{"line":9,"column":23}},"7":{"start":{"line":10,"column":0},"end":{"line":10,"column":24}},"8":{"start":{"line":12,"column":13},"end":{"line":12,"column":17}},"9":{"start":{"line":13,"column":0},"end":{"line":15,"column":3}},"10":{"start":{"line":14,"column":4},"end":{"line":14,"column":45}},"11":{"start":{"line":18,"column":0},"end":{"line":18,"column":20}}},"fnMap":{"0":{"name":"(anonymous_0)","decl":{"start":{"line":13,"column":17},"end":{"line":13,"column":18}},"loc":{"start":{"line":13,"column":23},"end":{"line":15,"column":1}},"line":13}},"branchMap":{},"s":{"0":1,"1":1,"2":1,"3":1,"4":1,"5":1,"6":1,"7":1,"8":1,"9":1,"10":1,"11":1},"f":{"0":1},"b":{},"_coverageSchema":"1a1c01bbd47fc00a2c39e90264f33305004495a9","hash":"c2fa2b341a789fac86a56d105cd4b3b5c815b325"}
,"C:\\Users\\Brodie\\Documents\\futureproof\\pair project\\devBranch\\pairProjectOne\\server\\controllers\\userRouter.js": {"path":"C:\\Users\\Brodie\\Documents\\futureproof\\pair project\\devBranch\\pairProjectOne\\server\\controllers\\userRouter.js","statementMap":{"0":{"start":{"line":1,"column":16},"end":{"line":1,"column":34}},"1":{"start":{"line":2,"column":15},"end":{"line":2,"column":31}},"2":{"start":{"line":3,"column":17},"end":{"line":3,"column":43}},"3":{"start":{"line":6,"column":0},"end":{"line":9,"column":2}},"4":{"start":{"line":7,"column":18},"end":{"line":7,"column":34}},"5":{"start":{"line":8,"column":4},"end":{"line":8,"column":24}},"6":{"start":{"line":11,"column":0},"end":{"line":31,"column":2}},"7":{"start":{"line":12,"column":18},"end":{"line":12,"column":34}},"8":{"start":{"line":15,"column":4},"end":{"line":30,"column":5}},"9":{"start":{"line":16,"column":25},"end":{"line":16,"column":41}},"10":{"start":{"line":18,"column":26},"end":{"line":20,"column":10}},"11":{"start":{"line":19,"column":12},"end":{"line":19,"column":52}},"12":{"start":{"line":22,"column":8},"end":{"line":27,"column":9}},"13":{"start":{"line":23,"column":12},"end":{"line":23,"column":32}},"14":{"start":{"line":24,"column":12},"end":{"line":24,"column":56}},"15":{"start":{"line":26,"column":12},"end":{"line":26,"column":31}},"16":{"start":{"line":29,"column":8},"end":{"line":29,"column":44}},"17":{"start":{"line":40,"column":0},"end":{"line":40,"column":24}}},"fnMap":{"0":{"name":"(anonymous_0)","decl":{"start":{"line":6,"column":21},"end":{"line":6,"column":22}},"loc":{"start":{"line":6,"column":41},"end":{"line":9,"column":1}},"line":6},"1":{"name":"(anonymous_1)","decl":{"start":{"line":11,"column":27},"end":{"line":11,"column":28}},"loc":{"start":{"line":11,"column":47},"end":{"line":31,"column":1}},"line":11},"2":{"name":"(anonymous_2)","decl":{"start":{"line":18,"column":42},"end":{"line":18,"column":43}},"loc":{"start":{"line":18,"column":52},"end":{"line":20,"column":9}},"line":18}},"branchMap":{"0":{"loc":{"start":{"line":22,"column":8},"end":{"line":27,"column":9}},"type":"if","locations":[{"start":{"line":22,"column":8},"end":{"line":27,"column":9}},{"start":{"line":22,"column":8},"end":{"line":27,"column":9}}],"line":22}},"s":{"0":1,"1":1,"2":1,"3":1,"4":1,"5":1,"6":1,"7":2,"8":2,"9":2,"10":2,"11":98,"12":2,"13":1,"14":1,"15":1,"16":0,"17":1},"f":{"0":1,"1":2,"2":98},"b":{"0":[1,1]},"_coverageSchema":"1a1c01bbd47fc00a2c39e90264f33305004495a9","hash":"01101a308e76e935c382d06853748522209dc0c7"}
,"C:\\Users\\Brodie\\Documents\\futureproof\\pair project\\devBranch\\pairProjectOne\\server\\models\\users.js": {"path":"C:\\Users\\Brodie\\Documents\\futureproof\\pair project\\devBranch\\pairProjectOne\\server\\models\\users.js","statementMap":{"0":{"start":{"line":1,"column":14},"end":{"line":1,"column":30}},"1":{"start":{"line":4,"column":17},"end":{"line":16,"column":1}},"2":{"start":{"line":5,"column":18},"end":{"line":11,"column":6}},"3":{"start":{"line":12,"column":22},"end":{"line":12,"column":38}},"4":{"start":{"line":15,"column":4},"end":{"line":15,"column":22}},"5":{"start":{"line":20,"column":0},"end":{"line":20,"column":26}}},"fnMap":{"0":{"name":"(anonymous_0)","decl":{"start":{"line":4,"column":17},"end":{"line":4,"column":18}},"loc":{"start":{"line":4,"column":29},"end":{"line":16,"column":1}},"line":4}},"branchMap":{},"s":{"0":1,"1":1,"2":3,"3":3,"4":3,"5":1},"f":{"0":3},"b":{},"_coverageSchema":"1a1c01bbd47fc00a2c39e90264f33305004495a9","hash":"9eb3fb74c0c34120e360afd94a8a0e29412696b9"}
}
